2024-07-13T11:57:40.840Z [Youtube] info: Fetching User Youtube Channel Information
2024-07-13T11:57:44.758Z [Broadcast_Stats] info: Fetching Stats for broadcast with id : 51D23Fla79M
2024-07-13T11:57:44.767Z [Broadcast_Stats] info: Fetching Stats for broadcast with id : BbjAqsgUqaM
2024-07-13T11:57:44.770Z [Broadcast_Stats] info: Fetching Stats for broadcast with id : uIswz1k1SmI
2024-07-13T11:57:44.772Z [Broadcast_Stats] info: Fetching Stats for broadcast with id : gwhesZPtHS0
2024-07-13T11:57:44.774Z [Broadcast_Stats] info: Fetching Stats for broadcast with id : qM487UTe8lM
2024-07-13T11:57:44.786Z [Broadcast_Stats] info: Fetching Stats for broadcast with id : kV04FR_zAyE
2024-07-13T11:57:47.645Z [Broadcast_Stats] info: Fetching Stats for broadcast with id : uIswz1k1SmI
2024-07-13T11:57:47.677Z [Broadcast_Stats] info: Fetching Stats for broadcast with id : gwhesZPtHS0
2024-07-13T11:57:47.821Z [Broadcast_Stats] info: Fetching Stats for broadcast with id : kV04FR_zAyE
2024-07-13T11:57:47.846Z [Broadcast_Stats] info: Fetching Stats for broadcast with id : BbjAqsgUqaM
2024-07-13T11:57:47.865Z [Broadcast_Stats] info: Fetching Stats for broadcast with id : qM487UTe8lM
2024-07-13T11:57:47.888Z [Broadcast_Stats] info: Fetching Stats for broadcast with id : 51D23Fla79M
2024-07-13T11:57:50.232Z [Broadcast_Stats] info: Fetching Stats for broadcast with id : uIswz1k1SmI
2024-07-13T11:57:50.252Z [Broadcast_Stats] info: Fetching Stats for broadcast with id : gwhesZPtHS0
2024-07-13T11:57:50.279Z [Broadcast_Stats] info: Fetching Stats for broadcast with id : kV04FR_zAyE
2024-07-13T11:57:50.424Z [Broadcast_Stats] info: Fetching Stats for broadcast with id : BbjAqsgUqaM
2024-07-13T11:57:50.455Z [Broadcast_Stats] info: Fetching Stats for broadcast with id : qM487UTe8lM
2024-07-13T11:57:50.456Z [Broadcast_Stats] info: Fetching Stats for broadcast with id : 51D23Fla79M
2024-07-13T11:57:52.808Z [Broadcast_Stats] info: Fetching Stats for broadcast with id : uIswz1k1SmI
2024-07-13T11:57:52.810Z [Broadcast_Stats] info: Fetching Stats for broadcast with id : gwhesZPtHS0
2024-07-13T11:57:52.974Z [Broadcast_Stats] info: Fetching Stats for broadcast with id : kV04FR_zAyE
2024-07-13T11:57:52.976Z [Broadcast_Stats] info: Fetching Stats for broadcast with id : BbjAqsgUqaM
2024-07-13T11:57:53.009Z [Broadcast_Stats] info: Fetching Stats for broadcast with id : qM487UTe8lM
2024-07-13T11:57:53.011Z [Broadcast_Stats] info: Fetching Stats for broadcast with id : 51D23Fla79M
2024-07-13T11:57:55.392Z [Broadcast_Stats] info: Fetching Stats for broadcast with id : uIswz1k1SmI
2024-07-13T11:57:55.393Z [Broadcast_Stats] info: Fetching Stats for broadcast with id : gwhesZPtHS0
2024-07-13T11:57:55.416Z [Broadcast_Stats] info: Fetching Stats for broadcast with id : kV04FR_zAyE
2024-07-13T11:57:55.455Z [Broadcast_Stats] info: Fetching Stats for broadcast with id : BbjAqsgUqaM
2024-07-13T11:57:55.585Z [Broadcast_Stats] info: Fetching Stats for broadcast with id : qM487UTe8lM
2024-07-13T11:57:55.587Z [Broadcast_Stats] info: Fetching Stats for broadcast with id : 51D23Fla79M
2024-07-13T11:57:57.951Z [Broadcast_Stats] info: Fetching Stats for broadcast with id : uIswz1k1SmI
2024-07-13T11:57:57.979Z [Broadcast_Stats] info: Fetching Stats for broadcast with id : gwhesZPtHS0
2024-07-13T11:57:58.140Z [Broadcast_Stats] info: Fetching Stats for broadcast with id : kV04FR_zAyE
2024-07-13T11:57:58.160Z [Broadcast_Stats] info: Fetching Stats for broadcast with id : BbjAqsgUqaM
2024-07-13T11:57:58.176Z [Broadcast_Stats] info: Fetching Stats for broadcast with id : qM487UTe8lM
2024-07-13T11:57:58.177Z [Broadcast_Stats] info: Fetching Stats for broadcast with id : 51D23Fla79M
2024-07-13T11:58:00.648Z [Broadcast_Stats] info: Fetching Stats for broadcast with id : BbjAqsgUqaM
2024-07-13T11:58:00.669Z [Broadcast_Stats] info: Fetching Stats for broadcast with id : qM487UTe8lM
2024-07-13T11:58:00.711Z [Broadcast_Stats] info: Fetching Stats for broadcast with id : kV04FR_zAyE
2024-07-13T11:58:00.866Z [Broadcast_Stats] info: Fetching Stats for broadcast with id : 51D23Fla79M
2024-07-13T11:58:01.031Z [Broadcast_Stats] info: Fetching Stats for broadcast with id : uIswz1k1SmI
2024-07-13T11:58:01.033Z [Broadcast_Stats] info: Fetching Stats for broadcast with id : gwhesZPtHS0
2024-07-13T11:58:03.214Z [Broadcast_Stats] info: Fetching Stats for broadcast with id : BbjAqsgUqaM
2024-07-13T11:58:03.239Z [Broadcast_Stats] info: Fetching Stats for broadcast with id : qM487UTe8lM
2024-07-13T11:58:03.382Z [Broadcast_Stats] info: Fetching Stats for broadcast with id : kV04FR_zAyE
2024-07-13T11:58:03.412Z [Broadcast_Stats] info: Fetching Stats for broadcast with id : 51D23Fla79M
2024-07-13T11:58:03.785Z [Broadcast_Stats] info: Fetching Stats for broadcast with id : uIswz1k1SmI
2024-07-13T11:58:03.802Z [Broadcast_Stats] info: Fetching Stats for broadcast with id : gwhesZPtHS0
2024-07-13T11:58:05.790Z [Broadcast_Stats] info: Fetching Stats for broadcast with id : BbjAqsgUqaM
2024-07-13T11:58:05.820Z [Broadcast_Stats] info: Fetching Stats for broadcast with id : qM487UTe8lM
2024-07-13T11:58:05.975Z [Broadcast_Stats] info: Fetching Stats for broadcast with id : kV04FR_zAyE
2024-07-13T11:58:05.993Z [Broadcast_Stats] info: Fetching Stats for broadcast with id : 51D23Fla79M
2024-07-13T11:58:06.372Z [Broadcast_Stats] info: Fetching Stats for broadcast with id : uIswz1k1SmI
2024-07-13T11:58:06.384Z [Broadcast_Stats] info: Fetching Stats for broadcast with id : gwhesZPtHS0
2024-07-13T11:58:08.364Z [Broadcast_Stats] info: Fetching Stats for broadcast with id : BbjAqsgUqaM
2024-07-13T11:58:08.374Z [Broadcast_Stats] info: Fetching Stats for broadcast with id : qM487UTe8lM
2024-07-13T11:58:08.624Z [Broadcast_Stats] info: Fetching Stats for broadcast with id : 51D23Fla79M
2024-07-13T11:58:08.625Z [Broadcast_Stats] info: Fetching Stats for broadcast with id : kV04FR_zAyE
2024-07-13T11:58:08.936Z [Broadcast_Stats] info: Fetching Stats for broadcast with id : uIswz1k1SmI
2024-07-13T11:58:08.947Z [Broadcast_Stats] info: Fetching Stats for broadcast with id : gwhesZPtHS0
